 command line:
   ./RSLatch_isim_beh.exe
     -intstyle  ise
     -ipchost  localhost
     -ipcport  19264

Wed Apr 15 09:40:13 2015

Total Line Count : 20

 Elaboration time : 0 sec.

 Estimate current memory usage : 155.181 Meg. 

 Total Signals          : 9
 Total Nets             : 9
 Total Signal Drivers   : 7
 Total Blocks           : 2
 Total Primitive Blocks : 1
 Total Processes        : 7
 Total Traceable Variables  : 0
 Total Scalar Nets and Variables : 9
ntrace select -o on -m / -l this 
ntrace start 
isimrun 1000 ns 
Simulator is doing circuit initialization process.
Finished circuit initialization process.
restart
isim force add clk 1 -radix default -value 0 -radix default -time 5 ns -repeat 10 ns 
isim force add r 1 -radix default -value 0 -radix default -time 15 ns -repeat 30 ns 
isim force add s 0 -radix default -value 1 -radix default -time 15 ns -repeat 30 ns 
isimrun 1000 ns 
Simulator is doing circuit initialization process.
Finished circuit initialization process.

 Simulation time 0.0624 sec.

 Estimate current memory usage : 161.997 Meg. 

Wed Apr 15 09:43:20 2015

