\BOOKMARK [0][-]{chapter.1}{\376\377\0001\000\040\000M\000a\000i\000n\000\040\000P\000a\000g\000e}{}% 1
\BOOKMARK [0][-]{chapter.2}{\376\377\0002\000\040\000C\000l\000a\000s\000s\000\040\000I\000n\000d\000e\000x}{}% 2
\BOOKMARK [1][-]{section.2.1}{\376\377\0002\000.\0001\000\040\000C\000l\000a\000s\000s\000\040\000L\000i\000s\000t}{chapter.2}% 3
\BOOKMARK [0][-]{chapter.3}{\376\377\0003\000\040\000F\000i\000l\000e\000\040\000I\000n\000d\000e\000x}{}% 4
\BOOKMARK [1][-]{section.3.1}{\376\377\0003\000.\0001\000\040\000F\000i\000l\000e\000\040\000L\000i\000s\000t}{chapter.3}% 5
\BOOKMARK [0][-]{chapter.4}{\376\377\0004\000\040\000C\000l\000a\000s\000s\000\040\000D\000o\000c\000u\000m\000e\000n\000t\000a\000t\000i\000o\000n}{}% 6
\BOOKMARK [1][-]{section.4.1}{\376\377\0004\000.\0001\000\040\000C\000D\000C\000o\000m\000m\000a\000n\000d\000\040\000S\000t\000r\000u\000c\000t\000\040\000R\000e\000f\000e\000r\000e\000n\000c\000e}{chapter.4}% 7
\BOOKMARK [2][-]{subsection.4.1.1}{\376\377\0004\000.\0001\000.\0001\000\040\000D\000e\000t\000a\000i\000l\000e\000d\000\040\000D\000e\000s\000c\000r\000i\000p\000t\000i\000o\000n}{section.4.1}% 8
\BOOKMARK [2][-]{subsection.4.1.2}{\376\377\0004\000.\0001\000.\0002\000\040\000M\000e\000m\000b\000e\000r\000\040\000D\000a\000t\000a\000\040\000D\000o\000c\000u\000m\000e\000n\000t\000a\000t\000i\000o\000n}{section.4.1}% 9
\BOOKMARK [3][-]{subsubsection.4.1.2.1}{\376\377\0004\000.\0001\000.\0002\000.\0001\000\040\000d\000i\000r}{subsection.4.1.2}% 10
\BOOKMARK [3][-]{subsubsection.4.1.2.2}{\376\377\0004\000.\0001\000.\0002\000.\0002\000\040\000t\000y\000p\000e}{subsection.4.1.2}% 11
\BOOKMARK [1][-]{section.4.2}{\376\377\0004\000.\0002\000\040\000C\000o\000m\000m\000a\000n\000d\000\040\000U\000n\000i\000o\000n\000\040\000R\000e\000f\000e\000r\000e\000n\000c\000e}{chapter.4}% 12
\BOOKMARK [2][-]{subsection.4.2.1}{\376\377\0004\000.\0002\000.\0001\000\040\000D\000e\000t\000a\000i\000l\000e\000d\000\040\000D\000e\000s\000c\000r\000i\000p\000t\000i\000o\000n}{section.4.2}% 13
\BOOKMARK [2][-]{subsection.4.2.2}{\376\377\0004\000.\0002\000.\0002\000\040\000M\000e\000m\000b\000e\000r\000\040\000D\000a\000t\000a\000\040\000D\000o\000c\000u\000m\000e\000n\000t\000a\000t\000i\000o\000n}{section.4.2}% 14
\BOOKMARK [3][-]{subsubsection.4.2.2.1}{\376\377\0004\000.\0002\000.\0002\000.\0001\000\040\000c\000d}{subsection.4.2.2}% 15
\BOOKMARK [3][-]{subsubsection.4.2.2.2}{\376\377\0004\000.\0002\000.\0002\000.\0002\000\040\000e\000c\000h\000o}{subsection.4.2.2}% 16
\BOOKMARK [3][-]{subsubsection.4.2.2.3}{\376\377\0004\000.\0002\000.\0002\000.\0003\000\040\000e\000o\000c}{subsection.4.2.2}% 17
\BOOKMARK [3][-]{subsubsection.4.2.2.4}{\376\377\0004\000.\0002\000.\0002\000.\0004\000\040\000e\000x\000i\000t}{subsection.4.2.2}% 18
\BOOKMARK [3][-]{subsubsection.4.2.2.5}{\376\377\0004\000.\0002\000.\0002\000.\0005\000\040\000e\000x\000p\000o\000r\000t}{subsection.4.2.2}% 19
\BOOKMARK [3][-]{subsubsection.4.2.2.6}{\376\377\0004\000.\0002\000.\0002\000.\0006\000\040\000g\000e\000n\000e\000r\000i\000c}{subsection.4.2.2}% 20
\BOOKMARK [3][-]{subsubsection.4.2.2.7}{\376\377\0004\000.\0002\000.\0002\000.\0007\000\040\000j\000o\000b\000s}{subsection.4.2.2}% 21
\BOOKMARK [3][-]{subsubsection.4.2.2.8}{\376\377\0004\000.\0002\000.\0002\000.\0008\000\040\000k\000i\000l\000l}{subsection.4.2.2}% 22
\BOOKMARK [3][-]{subsubsection.4.2.2.9}{\376\377\0004\000.\0002\000.\0002\000.\0009\000\040\000p\000w\000d}{subsection.4.2.2}% 23
\BOOKMARK [3][-]{subsubsection.4.2.2.10}{\376\377\0004\000.\0002\000.\0002\000.\0001\0000\000\040\000s\000i\000m\000p\000l\000e}{subsection.4.2.2}% 24
\BOOKMARK [1][-]{section.4.3}{\376\377\0004\000.\0003\000\040\000C\000o\000m\000m\000a\000n\000d\000H\000o\000l\000d\000e\000r\000\040\000S\000t\000r\000u\000c\000t\000\040\000R\000e\000f\000e\000r\000e\000n\000c\000e}{chapter.4}% 25
\BOOKMARK [2][-]{subsection.4.3.1}{\376\377\0004\000.\0003\000.\0001\000\040\000D\000e\000t\000a\000i\000l\000e\000d\000\040\000D\000e\000s\000c\000r\000i\000p\000t\000i\000o\000n}{section.4.3}% 26
\BOOKMARK [2][-]{subsection.4.3.2}{\376\377\0004\000.\0003\000.\0002\000\040\000M\000e\000m\000b\000e\000r\000\040\000D\000a\000t\000a\000\040\000D\000o\000c\000u\000m\000e\000n\000t\000a\000t\000i\000o\000n}{section.4.3}% 27
\BOOKMARK [3][-]{subsubsection.4.3.2.1}{\376\377\0004\000.\0003\000.\0002\000.\0001\000\040\000c\000m\000d}{subsection.4.3.2}% 28
\BOOKMARK [3][-]{subsubsection.4.3.2.2}{\376\377\0004\000.\0003\000.\0002\000.\0002\000\040\000f\000l\000a\000g\000s}{subsection.4.3.2}% 29
\BOOKMARK [3][-]{subsubsection.4.3.2.3}{\376\377\0004\000.\0003\000.\0002\000.\0003\000\040\000r\000e\000d\000i\000r\000e\000c\000t\000\137\000i\000n}{subsection.4.3.2}% 30
\BOOKMARK [3][-]{subsubsection.4.3.2.4}{\376\377\0004\000.\0003\000.\0002\000.\0004\000\040\000r\000e\000d\000i\000r\000e\000c\000t\000\137\000o\000u\000t}{subsection.4.3.2}% 31
\BOOKMARK [1][-]{section.4.4}{\376\377\0004\000.\0004\000\040\000E\000x\000a\000m\000p\000l\000e\000\040\000S\000t\000r\000u\000c\000t\000\040\000R\000e\000f\000e\000r\000e\000n\000c\000e}{chapter.4}% 32
\BOOKMARK [2][-]{subsection.4.4.1}{\376\377\0004\000.\0004\000.\0001\000\040\000D\000e\000t\000a\000i\000l\000e\000d\000\040\000D\000e\000s\000c\000r\000i\000p\000t\000i\000o\000n}{section.4.4}% 33
\BOOKMARK [2][-]{subsection.4.4.2}{\376\377\0004\000.\0004\000.\0002\000\040\000M\000e\000m\000b\000e\000r\000\040\000D\000a\000t\000a\000\040\000D\000o\000c\000u\000m\000e\000n\000t\000a\000t\000i\000o\000n}{section.4.4}% 34
\BOOKMARK [3][-]{subsubsection.4.4.2.1}{\376\377\0004\000.\0004\000.\0002\000.\0001\000\040\000b\000a\000c\000k}{subsection.4.4.2}% 35
\BOOKMARK [3][-]{subsubsection.4.4.2.2}{\376\377\0004\000.\0004\000.\0002\000.\0002\000\040\000c\000a\000p}{subsection.4.4.2}% 36
\BOOKMARK [3][-]{subsubsection.4.4.2.3}{\376\377\0004\000.\0004\000.\0002\000.\0003\000\040\000d\000a\000t\000a}{subsection.4.4.2}% 37
\BOOKMARK [3][-]{subsubsection.4.4.2.4}{\376\377\0004\000.\0004\000.\0002\000.\0004\000\040\000d\000e\000s\000t\000r\000u\000c\000t\000o\000r}{subsection.4.4.2}% 38
\BOOKMARK [3][-]{subsubsection.4.4.2.5}{\376\377\0004\000.\0004\000.\0002\000.\0005\000\040\000f\000r\000o\000n\000t}{subsection.4.4.2}% 39
\BOOKMARK [1][-]{section.4.5}{\376\377\0004\000.\0005\000\040\000E\000x\000p\000o\000r\000t\000C\000o\000m\000m\000a\000n\000d\000\040\000S\000t\000r\000u\000c\000t\000\040\000R\000e\000f\000e\000r\000e\000n\000c\000e}{chapter.4}% 40
\BOOKMARK [2][-]{subsection.4.5.1}{\376\377\0004\000.\0005\000.\0001\000\040\000D\000e\000t\000a\000i\000l\000e\000d\000\040\000D\000e\000s\000c\000r\000i\000p\000t\000i\000o\000n}{section.4.5}% 41
\BOOKMARK [2][-]{subsection.4.5.2}{\376\377\0004\000.\0005\000.\0002\000\040\000M\000e\000m\000b\000e\000r\000\040\000D\000a\000t\000a\000\040\000D\000o\000c\000u\000m\000e\000n\000t\000a\000t\000i\000o\000n}{section.4.5}% 42
\BOOKMARK [3][-]{subsubsection.4.5.2.1}{\376\377\0004\000.\0005\000.\0002\000.\0001\000\040\000e\000n\000v\000\137\000v\000a\000r}{subsection.4.5.2}% 43
\BOOKMARK [3][-]{subsubsection.4.5.2.2}{\376\377\0004\000.\0005\000.\0002\000.\0002\000\040\000t\000y\000p\000e}{subsection.4.5.2}% 44
\BOOKMARK [3][-]{subsubsection.4.5.2.3}{\376\377\0004\000.\0005\000.\0002\000.\0003\000\040\000v\000a\000l}{subsection.4.5.2}% 45
\BOOKMARK [1][-]{section.4.6}{\376\377\0004\000.\0006\000\040\000G\000e\000n\000e\000r\000i\000c\000C\000o\000m\000m\000a\000n\000d\000\040\000S\000t\000r\000u\000c\000t\000\040\000R\000e\000f\000e\000r\000e\000n\000c\000e}{chapter.4}% 46
\BOOKMARK [2][-]{subsection.4.6.1}{\376\377\0004\000.\0006\000.\0001\000\040\000D\000e\000t\000a\000i\000l\000e\000d\000\040\000D\000e\000s\000c\000r\000i\000p\000t\000i\000o\000n}{section.4.6}% 47
\BOOKMARK [2][-]{subsection.4.6.2}{\376\377\0004\000.\0006\000.\0002\000\040\000M\000e\000m\000b\000e\000r\000\040\000D\000a\000t\000a\000\040\000D\000o\000c\000u\000m\000e\000n\000t\000a\000t\000i\000o\000n}{section.4.6}% 48
\BOOKMARK [3][-]{subsubsection.4.6.2.1}{\376\377\0004\000.\0006\000.\0002\000.\0001\000\040\000a\000r\000g\000s}{subsection.4.6.2}% 49
\BOOKMARK [3][-]{subsubsection.4.6.2.2}{\376\377\0004\000.\0006\000.\0002\000.\0002\000\040\000t\000y\000p\000e}{subsection.4.6.2}% 50
\BOOKMARK [1][-]{section.4.7}{\376\377\0004\000.\0007\000\040\000K\000i\000l\000l\000C\000o\000m\000m\000a\000n\000d\000\040\000S\000t\000r\000u\000c\000t\000\040\000R\000e\000f\000e\000r\000e\000n\000c\000e}{chapter.4}% 51
\BOOKMARK [2][-]{subsection.4.7.1}{\376\377\0004\000.\0007\000.\0001\000\040\000D\000e\000t\000a\000i\000l\000e\000d\000\040\000D\000e\000s\000c\000r\000i\000p\000t\000i\000o\000n}{section.4.7}% 52
\BOOKMARK [2][-]{subsection.4.7.2}{\376\377\0004\000.\0007\000.\0002\000\040\000M\000e\000m\000b\000e\000r\000\040\000D\000a\000t\000a\000\040\000D\000o\000c\000u\000m\000e\000n\000t\000a\000t\000i\000o\000n}{section.4.7}% 53
\BOOKMARK [3][-]{subsubsection.4.7.2.1}{\376\377\0004\000.\0007\000.\0002\000.\0001\000\040\000j\000o\000b}{subsection.4.7.2}% 54
\BOOKMARK [3][-]{subsubsection.4.7.2.2}{\376\377\0004\000.\0007\000.\0002\000.\0002\000\040\000j\000o\000b\000\137\000s\000t\000r}{subsection.4.7.2}% 55
\BOOKMARK [3][-]{subsubsection.4.7.2.3}{\376\377\0004\000.\0007\000.\0002\000.\0003\000\040\000s\000i\000g}{subsection.4.7.2}% 56
\BOOKMARK [3][-]{subsubsection.4.7.2.4}{\376\377\0004\000.\0007\000.\0002\000.\0004\000\040\000s\000i\000g\000\137\000s\000t\000r}{subsection.4.7.2}% 57
\BOOKMARK [3][-]{subsubsection.4.7.2.5}{\376\377\0004\000.\0007\000.\0002\000.\0005\000\040\000t\000y\000p\000e}{subsection.4.7.2}% 58
\BOOKMARK [1][-]{section.4.8}{\376\377\0004\000.\0008\000\040\000M\000e\000m\000o\000r\000y\000P\000o\000o\000l\000\040\000S\000t\000r\000u\000c\000t\000\040\000R\000e\000f\000e\000r\000e\000n\000c\000e}{chapter.4}% 59
\BOOKMARK [2][-]{subsection.4.8.1}{\376\377\0004\000.\0008\000.\0001\000\040\000D\000e\000t\000a\000i\000l\000e\000d\000\040\000D\000e\000s\000c\000r\000i\000p\000t\000i\000o\000n}{section.4.8}% 60
\BOOKMARK [2][-]{subsection.4.8.2}{\376\377\0004\000.\0008\000.\0002\000\040\000M\000e\000m\000b\000e\000r\000\040\000D\000a\000t\000a\000\040\000D\000o\000c\000u\000m\000e\000n\000t\000a\000t\000i\000o\000n}{section.4.8}% 61
\BOOKMARK [3][-]{subsubsection.4.8.2.1}{\376\377\0004\000.\0008\000.\0002\000.\0001\000\040\000n\000e\000x\000t}{subsection.4.8.2}% 62
\BOOKMARK [3][-]{subsubsection.4.8.2.2}{\376\377\0004\000.\0008\000.\0002\000.\0002\000\040\000p\000o\000o\000l}{subsection.4.8.2}% 63
\BOOKMARK [3][-]{subsubsection.4.8.2.3}{\376\377\0004\000.\0008\000.\0002\000.\0003\000\040\000s\000i\000z\000e}{subsection.4.8.2}% 64
\BOOKMARK [1][-]{section.4.9}{\376\377\0004\000.\0009\000\040\000Q\000u\000a\000s\000h\000S\000t\000a\000t\000e\000\040\000S\000t\000r\000u\000c\000t\000\040\000R\000e\000f\000e\000r\000e\000n\000c\000e}{chapter.4}% 65
\BOOKMARK [2][-]{subsection.4.9.1}{\376\377\0004\000.\0009\000.\0001\000\040\000D\000e\000t\000a\000i\000l\000e\000d\000\040\000D\000e\000s\000c\000r\000i\000p\000t\000i\000o\000n}{section.4.9}% 66
\BOOKMARK [2][-]{subsection.4.9.2}{\376\377\0004\000.\0009\000.\0002\000\040\000M\000e\000m\000b\000e\000r\000\040\000D\000a\000t\000a\000\040\000D\000o\000c\000u\000m\000e\000n\000t\000a\000t\000i\000o\000n}{section.4.9}% 67
\BOOKMARK [3][-]{subsubsection.4.9.2.1}{\376\377\0004\000.\0009\000.\0002\000.\0001\000\040\000i\000s\000\137\000a\000\137\000t\000t\000y}{subsection.4.9.2}% 68
\BOOKMARK [3][-]{subsubsection.4.9.2.2}{\376\377\0004\000.\0009\000.\0002\000.\0002\000\040\000p\000a\000r\000s\000e\000d\000\137\000s\000t\000r}{subsection.4.9.2}% 69
\BOOKMARK [3][-]{subsubsection.4.9.2.3}{\376\377\0004\000.\0009\000.\0002\000.\0003\000\040\000r\000u\000n\000n\000i\000n\000g}{subsection.4.9.2}% 70
\BOOKMARK [1][-]{section.4.10}{\376\377\0004\000.\0001\0000\000\040\000R\000e\000d\000i\000r\000e\000c\000t\000\040\000S\000t\000r\000u\000c\000t\000\040\000R\000e\000f\000e\000r\000e\000n\000c\000e}{chapter.4}% 71
\BOOKMARK [2][-]{subsection.4.10.1}{\376\377\0004\000.\0001\0000\000.\0001\000\040\000D\000e\000t\000a\000i\000l\000e\000d\000\040\000D\000e\000s\000c\000r\000i\000p\000t\000i\000o\000n}{section.4.10}% 72
\BOOKMARK [2][-]{subsection.4.10.2}{\376\377\0004\000.\0001\0000\000.\0002\000\040\000M\000e\000m\000b\000e\000r\000\040\000D\000a\000t\000a\000\040\000D\000o\000c\000u\000m\000e\000n\000t\000a\000t\000i\000o\000n}{section.4.10}% 73
\BOOKMARK [3][-]{subsubsection.4.10.2.1}{\376\377\0004\000.\0001\0000\000.\0002\000.\0001\000\040\000a\000p\000p\000e\000n\000d}{subsection.4.10.2}% 74
\BOOKMARK [3][-]{subsubsection.4.10.2.2}{\376\377\0004\000.\0001\0000\000.\0002\000.\0002\000\040\000i\000n}{subsection.4.10.2}% 75
\BOOKMARK [3][-]{subsubsection.4.10.2.3}{\376\377\0004\000.\0001\0000\000.\0002\000.\0003\000\040\000o\000u\000t}{subsection.4.10.2}% 76
\BOOKMARK [1][-]{section.4.11}{\376\377\0004\000.\0001\0001\000\040\000S\000i\000m\000p\000l\000e\000C\000o\000m\000m\000a\000n\000d\000\040\000S\000t\000r\000u\000c\000t\000\040\000R\000e\000f\000e\000r\000e\000n\000c\000e}{chapter.4}% 77
\BOOKMARK [2][-]{subsection.4.11.1}{\376\377\0004\000.\0001\0001\000.\0001\000\040\000D\000e\000t\000a\000i\000l\000e\000d\000\040\000D\000e\000s\000c\000r\000i\000p\000t\000i\000o\000n}{section.4.11}% 78
\BOOKMARK [2][-]{subsection.4.11.2}{\376\377\0004\000.\0001\0001\000.\0002\000\040\000M\000e\000m\000b\000e\000r\000\040\000D\000a\000t\000a\000\040\000D\000o\000c\000u\000m\000e\000n\000t\000a\000t\000i\000o\000n}{section.4.11}% 79
\BOOKMARK [3][-]{subsubsection.4.11.2.1}{\376\377\0004\000.\0001\0001\000.\0002\000.\0001\000\040\000t\000y\000p\000e}{subsection.4.11.2}% 80
\BOOKMARK [0][-]{chapter.5}{\376\377\0005\000\040\000F\000i\000l\000e\000\040\000D\000o\000c\000u\000m\000e\000n\000t\000a\000t\000i\000o\000n}{}% 81
\BOOKMARK [1][-]{section.5.1}{\376\377\0005\000.\0001\000\040\000s\000r\000c\000/\000c\000o\000m\000m\000a\000n\000d\000.\000c\000\040\000F\000i\000l\000e\000\040\000R\000e\000f\000e\000r\000e\000n\000c\000e}{chapter.5}% 82
\BOOKMARK [2][-]{subsection.5.1.1}{\376\377\0005\000.\0001\000.\0001\000\040\000D\000e\000t\000a\000i\000l\000e\000d\000\040\000D\000e\000s\000c\000r\000i\000p\000t\000i\000o\000n}{section.5.1}% 83
\BOOKMARK [2][-]{subsection.5.1.2}{\376\377\0005\000.\0001\000.\0002\000\040\000F\000u\000n\000c\000t\000i\000o\000n\000\040\000D\000o\000c\000u\000m\000e\000n\000t\000a\000t\000i\000o\000n}{section.5.1}% 84
\BOOKMARK [3][-]{subsubsection.5.1.2.1}{\376\377\0005\000.\0001\000.\0002\000.\0001\000\040\000d\000e\000b\000u\000g\000\137\000p\000r\000i\000n\000t\000\137\000s\000c\000r\000i\000p\000t\000\050\000c\000o\000n\000s\000t\000\040\000C\000o\000m\000m\000a\000n\000d\000H\000o\000l\000d\000e\000r\000\040\000*\000h\000o\000l\000d\000e\000r\000s\000\051}{subsection.5.1.2}% 85
\BOOKMARK [3][-]{subsubsection.5.1.2.2}{\376\377\0005\000.\0001\000.\0002\000.\0002\000\040\000g\000e\000t\000\137\000c\000o\000m\000m\000a\000n\000d\000\137\000h\000o\000l\000d\000e\000r\000\137\000t\000y\000p\000e\000\050\000C\000o\000m\000m\000a\000n\000d\000H\000o\000l\000d\000e\000r\000\040\000h\000o\000l\000d\000e\000r\000\051}{subsection.5.1.2}% 86
\BOOKMARK [3][-]{subsubsection.5.1.2.3}{\376\377\0005\000.\0001\000.\0002\000.\0003\000\040\000g\000e\000t\000\137\000c\000o\000m\000m\000a\000n\000d\000\137\000t\000y\000p\000e\000\050\000C\000o\000m\000m\000a\000n\000d\000\040\000c\000m\000d\000\051}{subsection.5.1.2}% 87
\BOOKMARK [3][-]{subsubsection.5.1.2.4}{\376\377\0005\000.\0001\000.\0002\000.\0004\000\040\000m\000k\000\137\000c\000d\000\137\000c\000o\000m\000m\000a\000n\000d\000\050\000c\000h\000a\000r\000\040\000*\000d\000i\000r\000\051}{subsection.5.1.2}% 88
\BOOKMARK [3][-]{subsubsection.5.1.2.5}{\376\377\0005\000.\0001\000.\0002\000.\0005\000\040\000m\000k\000\137\000c\000o\000m\000m\000a\000n\000d\000\137\000h\000o\000l\000d\000e\000r\000\050\000c\000h\000a\000r\000\040\000*\000r\000e\000d\000i\000r\000e\000c\000t\000\137\000i\000n\000,\000\040\000c\000h\000a\000r\000\040\000*\000r\000e\000d\000i\000r\000e\000c\000t\000\137\000o\000u\000t\000,\000\040\000c\000h\000a\000r\000\040\000f\000l\000a\000g\000s\000,\000\040\000C\000o\000m\000m\000a\000n\000d\000\040\000c\000m\000d\000\051}{subsection.5.1.2}% 89
\BOOKMARK [3][-]{subsubsection.5.1.2.6}{\376\377\0005\000.\0001\000.\0002\000.\0006\000\040\000m\000k\000\137\000e\000c\000h\000o\000\137\000c\000o\000m\000m\000a\000n\000d\000\050\000c\000h\000a\000r\000\040\000*\000*\000s\000t\000r\000s\000\051}{subsection.5.1.2}% 90
\BOOKMARK [3][-]{subsubsection.5.1.2.7}{\376\377\0005\000.\0001\000.\0002\000.\0007\000\040\000m\000k\000\137\000e\000o\000c\000\050\000\051}{subsection.5.1.2}% 91
\BOOKMARK [3][-]{subsubsection.5.1.2.8}{\376\377\0005\000.\0001\000.\0002\000.\0008\000\040\000m\000k\000\137\000e\000x\000i\000t\000\137\000c\000o\000m\000m\000a\000n\000d\000\050\000\051}{subsection.5.1.2}% 92
\BOOKMARK [3][-]{subsubsection.5.1.2.9}{\376\377\0005\000.\0001\000.\0002\000.\0009\000\040\000m\000k\000\137\000e\000x\000p\000o\000r\000t\000\137\000c\000o\000m\000m\000a\000n\000d\000\050\000c\000h\000a\000r\000\040\000*\000e\000n\000v\000\137\000v\000a\000r\000,\000\040\000c\000h\000a\000r\000\040\000*\000v\000a\000l\000\051}{subsection.5.1.2}% 93
\BOOKMARK [3][-]{subsubsection.5.1.2.10}{\376\377\0005\000.\0001\000.\0002\000.\0001\0000\000\040\000m\000k\000\137\000g\000e\000n\000e\000r\000i\000c\000\137\000c\000o\000m\000m\000a\000n\000d\000\050\000c\000h\000a\000r\000\040\000*\000*\000a\000r\000g\000s\000\051}{subsection.5.1.2}% 94
\BOOKMARK [3][-]{subsubsection.5.1.2.11}{\376\377\0005\000.\0001\000.\0002\000.\0001\0001\000\040\000m\000k\000\137\000j\000o\000b\000s\000\137\000c\000o\000m\000m\000a\000n\000d\000\050\000\051}{subsection.5.1.2}% 95
\BOOKMARK [3][-]{subsubsection.5.1.2.12}{\376\377\0005\000.\0001\000.\0002\000.\0001\0002\000\040\000m\000k\000\137\000k\000i\000l\000l\000\137\000c\000o\000m\000m\000a\000n\000d\000\050\000c\000h\000a\000r\000\040\000*\000s\000i\000g\000,\000\040\000c\000h\000a\000r\000\040\000*\000j\000o\000b\000\051}{subsection.5.1.2}% 96
\BOOKMARK [3][-]{subsubsection.5.1.2.13}{\376\377\0005\000.\0001\000.\0002\000.\0001\0003\000\040\000m\000k\000\137\000p\000w\000d\000\137\000c\000o\000m\000m\000a\000n\000d\000\050\000\051}{subsection.5.1.2}% 97
\BOOKMARK [1][-]{section.5.2}{\376\377\0005\000.\0002\000\040\000s\000r\000c\000/\000c\000o\000m\000m\000a\000n\000d\000.\000h\000\040\000F\000i\000l\000e\000\040\000R\000e\000f\000e\000r\000e\000n\000c\000e}{chapter.5}% 98
\BOOKMARK [2][-]{subsection.5.2.1}{\376\377\0005\000.\0002\000.\0001\000\040\000D\000e\000t\000a\000i\000l\000e\000d\000\040\000D\000e\000s\000c\000r\000i\000p\000t\000i\000o\000n}{section.5.2}% 99
\BOOKMARK [2][-]{subsection.5.2.2}{\376\377\0005\000.\0002\000.\0002\000\040\000T\000y\000p\000e\000d\000e\000f\000\040\000D\000o\000c\000u\000m\000e\000n\000t\000a\000t\000i\000o\000n}{section.5.2}% 100
\BOOKMARK [3][-]{subsubsection.5.2.2.1}{\376\377\0005\000.\0002\000.\0002\000.\0001\000\040\000C\000D\000C\000o\000m\000m\000a\000n\000d}{subsection.5.2.2}% 101
\BOOKMARK [3][-]{subsubsection.5.2.2.2}{\376\377\0005\000.\0002\000.\0002\000.\0002\000\040\000C\000o\000m\000m\000a\000n\000d}{subsection.5.2.2}% 102
\BOOKMARK [3][-]{subsubsection.5.2.2.3}{\376\377\0005\000.\0002\000.\0002\000.\0003\000\040\000C\000o\000m\000m\000a\000n\000d\000H\000o\000l\000d\000e\000r}{subsection.5.2.2}% 103
\BOOKMARK [3][-]{subsubsection.5.2.2.4}{\376\377\0005\000.\0002\000.\0002\000.\0004\000\040\000C\000o\000m\000m\000a\000n\000d\000T\000y\000p\000e}{subsection.5.2.2}% 104
\BOOKMARK [3][-]{subsubsection.5.2.2.5}{\376\377\0005\000.\0002\000.\0002\000.\0005\000\040\000E\000c\000h\000o\000C\000o\000m\000m\000a\000n\000d}{subsection.5.2.2}% 105
\BOOKMARK [3][-]{subsubsection.5.2.2.6}{\376\377\0005\000.\0002\000.\0002\000.\0006\000\040\000E\000O\000C\000C\000o\000m\000m\000a\000n\000d}{subsection.5.2.2}% 106
\BOOKMARK [3][-]{subsubsection.5.2.2.7}{\376\377\0005\000.\0002\000.\0002\000.\0007\000\040\000E\000x\000i\000t\000C\000o\000m\000m\000a\000n\000d}{subsection.5.2.2}% 107
\BOOKMARK [3][-]{subsubsection.5.2.2.8}{\376\377\0005\000.\0002\000.\0002\000.\0008\000\040\000E\000x\000p\000o\000r\000t\000C\000o\000m\000m\000a\000n\000d}{subsection.5.2.2}% 108
\BOOKMARK [3][-]{subsubsection.5.2.2.9}{\376\377\0005\000.\0002\000.\0002\000.\0009\000\040\000G\000e\000n\000e\000r\000i\000c\000C\000o\000m\000m\000a\000n\000d}{subsection.5.2.2}% 109
\BOOKMARK [3][-]{subsubsection.5.2.2.10}{\376\377\0005\000.\0002\000.\0002\000.\0001\0000\000\040\000J\000o\000b\000s\000C\000o\000m\000m\000a\000n\000d}{subsection.5.2.2}% 110
\BOOKMARK [3][-]{subsubsection.5.2.2.11}{\376\377\0005\000.\0002\000.\0002\000.\0001\0001\000\040\000K\000i\000l\000l\000C\000o\000m\000m\000a\000n\000d}{subsection.5.2.2}% 111
\BOOKMARK [3][-]{subsubsection.5.2.2.12}{\376\377\0005\000.\0002\000.\0002\000.\0001\0002\000\040\000P\000W\000D\000C\000o\000m\000m\000a\000n\000d}{subsection.5.2.2}% 112
\BOOKMARK [3][-]{subsubsection.5.2.2.13}{\376\377\0005\000.\0002\000.\0002\000.\0001\0003\000\040\000S\000i\000m\000p\000l\000e\000C\000o\000m\000m\000a\000n\000d}{subsection.5.2.2}% 113
\BOOKMARK [2][-]{subsection.5.2.3}{\376\377\0005\000.\0002\000.\0003\000\040\000E\000n\000u\000m\000e\000r\000a\000t\000i\000o\000n\000\040\000T\000y\000p\000e\000\040\000D\000o\000c\000u\000m\000e\000n\000t\000a\000t\000i\000o\000n}{section.5.2}% 114
\BOOKMARK [3][-]{subsubsection.5.2.3.1}{\376\377\0005\000.\0002\000.\0003\000.\0001\000\040\000C\000o\000m\000m\000a\000n\000d\000T\000y\000p\000e}{subsection.5.2.3}% 115
\BOOKMARK [2][-]{subsection.5.2.4}{\376\377\0005\000.\0002\000.\0004\000\040\000F\000u\000n\000c\000t\000i\000o\000n\000\040\000D\000o\000c\000u\000m\000e\000n\000t\000a\000t\000i\000o\000n}{section.5.2}% 116
\BOOKMARK [3][-]{subsubsection.5.2.4.1}{\376\377\0005\000.\0002\000.\0004\000.\0001\000\040\000d\000e\000b\000u\000g\000\137\000p\000r\000i\000n\000t\000\137\000s\000c\000r\000i\000p\000t\000\050\000c\000o\000n\000s\000t\000\040\000C\000o\000m\000m\000a\000n\000d\000H\000o\000l\000d\000e\000r\000\040\000*\000h\000o\000l\000d\000e\000r\000s\000\051}{subsection.5.2.4}% 117
\BOOKMARK [3][-]{subsubsection.5.2.4.2}{\376\377\0005\000.\0002\000.\0004\000.\0002\000\040\000g\000e\000t\000\137\000c\000o\000m\000m\000a\000n\000d\000\137\000h\000o\000l\000d\000e\000r\000\137\000t\000y\000p\000e\000\050\000C\000o\000m\000m\000a\000n\000d\000H\000o\000l\000d\000e\000r\000\040\000h\000o\000l\000d\000e\000r\000\051}{subsection.5.2.4}% 118
\BOOKMARK [3][-]{subsubsection.5.2.4.3}{\376\377\0005\000.\0002\000.\0004\000.\0003\000\040\000g\000e\000t\000\137\000c\000o\000m\000m\000a\000n\000d\000\137\000t\000y\000p\000e\000\050\000C\000o\000m\000m\000a\000n\000d\000\040\000c\000m\000d\000\051}{subsection.5.2.4}% 119
\BOOKMARK [3][-]{subsubsection.5.2.4.4}{\376\377\0005\000.\0002\000.\0004\000.\0004\000\040\000m\000k\000\137\000c\000d\000\137\000c\000o\000m\000m\000a\000n\000d\000\050\000c\000h\000a\000r\000\040\000*\000d\000i\000r\000\051}{subsection.5.2.4}% 120
\BOOKMARK [3][-]{subsubsection.5.2.4.5}{\376\377\0005\000.\0002\000.\0004\000.\0005\000\040\000m\000k\000\137\000c\000o\000m\000m\000a\000n\000d\000\137\000h\000o\000l\000d\000e\000r\000\050\000c\000h\000a\000r\000\040\000*\000r\000e\000d\000i\000r\000e\000c\000t\000\137\000i\000n\000,\000\040\000c\000h\000a\000r\000\040\000*\000r\000e\000d\000i\000r\000e\000c\000t\000\137\000o\000u\000t\000,\000\040\000c\000h\000a\000r\000\040\000f\000l\000a\000g\000s\000,\000\040\000C\000o\000m\000m\000a\000n\000d\000\040\000c\000m\000d\000\051}{subsection.5.2.4}% 121
\BOOKMARK [3][-]{subsubsection.5.2.4.6}{\376\377\0005\000.\0002\000.\0004\000.\0006\000\040\000m\000k\000\137\000e\000c\000h\000o\000\137\000c\000o\000m\000m\000a\000n\000d\000\050\000c\000h\000a\000r\000\040\000*\000*\000a\000r\000g\000s\000\051}{subsection.5.2.4}% 122
\BOOKMARK [3][-]{subsubsection.5.2.4.7}{\376\377\0005\000.\0002\000.\0004\000.\0007\000\040\000m\000k\000\137\000e\000o\000c\000\050\000\051}{subsection.5.2.4}% 123
\BOOKMARK [3][-]{subsubsection.5.2.4.8}{\376\377\0005\000.\0002\000.\0004\000.\0008\000\040\000m\000k\000\137\000e\000x\000i\000t\000\137\000c\000o\000m\000m\000a\000n\000d\000\050\000\051}{subsection.5.2.4}% 124
\BOOKMARK [3][-]{subsubsection.5.2.4.9}{\376\377\0005\000.\0002\000.\0004\000.\0009\000\040\000m\000k\000\137\000e\000x\000p\000o\000r\000t\000\137\000c\000o\000m\000m\000a\000n\000d\000\050\000c\000h\000a\000r\000\040\000*\000e\000n\000v\000\137\000v\000a\000r\000,\000\040\000c\000h\000a\000r\000\040\000*\000v\000a\000l\000\051}{subsection.5.2.4}% 125
\BOOKMARK [3][-]{subsubsection.5.2.4.10}{\376\377\0005\000.\0002\000.\0004\000.\0001\0000\000\040\000m\000k\000\137\000g\000e\000n\000e\000r\000i\000c\000\137\000c\000o\000m\000m\000a\000n\000d\000\050\000c\000h\000a\000r\000\040\000*\000*\000a\000r\000g\000s\000\051}{subsection.5.2.4}% 126
\BOOKMARK [3][-]{subsubsection.5.2.4.11}{\376\377\0005\000.\0002\000.\0004\000.\0001\0001\000\040\000m\000k\000\137\000j\000o\000b\000s\000\137\000c\000o\000m\000m\000a\000n\000d\000\050\000\051}{subsection.5.2.4}% 127
\BOOKMARK [3][-]{subsubsection.5.2.4.12}{\376\377\0005\000.\0002\000.\0004\000.\0001\0002\000\040\000m\000k\000\137\000k\000i\000l\000l\000\137\000c\000o\000m\000m\000a\000n\000d\000\050\000c\000h\000a\000r\000\040\000*\000s\000i\000g\000,\000\040\000c\000h\000a\000r\000\040\000*\000j\000o\000b\000\051}{subsection.5.2.4}% 128
\BOOKMARK [3][-]{subsubsection.5.2.4.13}{\376\377\0005\000.\0002\000.\0004\000.\0001\0003\000\040\000m\000k\000\137\000p\000w\000d\000\137\000c\000o\000m\000m\000a\000n\000d\000\050\000\051}{subsection.5.2.4}% 129
\BOOKMARK [1][-]{section.5.3}{\376\377\0005\000.\0003\000\040\000s\000r\000c\000/\000d\000e\000b\000u\000g\000.\000h\000\040\000F\000i\000l\000e\000\040\000R\000e\000f\000e\000r\000e\000n\000c\000e}{chapter.5}% 130
\BOOKMARK [2][-]{subsection.5.3.1}{\376\377\0005\000.\0003\000.\0001\000\040\000D\000e\000t\000a\000i\000l\000e\000d\000\040\000D\000e\000s\000c\000r\000i\000p\000t\000i\000o\000n}{section.5.3}% 131
\BOOKMARK [2][-]{subsection.5.3.2}{\376\377\0005\000.\0003\000.\0002\000\040\000M\000a\000c\000r\000o\000\040\000D\000e\000f\000i\000n\000i\000t\000i\000o\000n\000\040\000D\000o\000c\000u\000m\000e\000n\000t\000a\000t\000i\000o\000n}{section.5.3}% 132
\BOOKMARK [3][-]{subsubsection.5.3.2.1}{\376\377\0005\000.\0003\000.\0002\000.\0001\000\040\000I\000F\000D\000E\000B\000U\000G}{subsection.5.3.2}% 133
\BOOKMARK [3][-]{subsubsection.5.3.2.2}{\376\377\0005\000.\0003\000.\0002\000.\0002\000\040\000P\000R\000I\000N\000T\000\137\000D\000E\000B\000U\000G}{subsection.5.3.2}% 134
\BOOKMARK [1][-]{section.5.4}{\376\377\0005\000.\0004\000\040\000s\000r\000c\000/\000d\000e\000q\000u\000e\000.\000h\000\040\000F\000i\000l\000e\000\040\000R\000e\000f\000e\000r\000e\000n\000c\000e}{chapter.5}% 135
\BOOKMARK [2][-]{subsection.5.4.1}{\376\377\0005\000.\0004\000.\0001\000\040\000D\000e\000t\000a\000i\000l\000e\000d\000\040\000D\000e\000s\000c\000r\000i\000p\000t\000i\000o\000n}{section.5.4}% 136
\BOOKMARK [2][-]{subsection.5.4.2}{\376\377\0005\000.\0004\000.\0002\000\040\000M\000a\000c\000r\000o\000\040\000D\000e\000f\000i\000n\000i\000t\000i\000o\000n\000\040\000D\000o\000c\000u\000m\000e\000n\000t\000a\000t\000i\000o\000n}{section.5.4}% 137
\BOOKMARK [3][-]{subsubsection.5.4.2.1}{\376\377\0005\000.\0004\000.\0002\000.\0001\000\040\000I\000M\000P\000L\000E\000M\000E\000N\000T\000\137\000D\000E\000Q\000U\000E}{subsection.5.4.2}% 138
\BOOKMARK [3][-]{subsubsection.5.4.2.2}{\376\377\0005\000.\0004\000.\0002\000.\0002\000\040\000I\000M\000P\000L\000E\000M\000E\000N\000T\000\137\000D\000E\000Q\000U\000E\000\137\000S\000T\000R\000U\000C\000T}{subsection.5.4.2}% 139
\BOOKMARK [3][-]{subsubsection.5.4.2.3}{\376\377\0005\000.\0004\000.\0002\000.\0003\000\040\000P\000R\000O\000T\000O\000T\000Y\000P\000E\000\137\000D\000E\000Q\000U\000E}{subsection.5.4.2}% 140
\BOOKMARK [2][-]{subsection.5.4.3}{\376\377\0005\000.\0004\000.\0003\000\040\000F\000u\000n\000c\000t\000i\000o\000n\000\040\000D\000o\000c\000u\000m\000e\000n\000t\000a\000t\000i\000o\000n}{section.5.4}% 141
\BOOKMARK [3][-]{subsubsection.5.4.3.1}{\376\377\0005\000.\0004\000.\0003\000.\0001\000\040\000a\000p\000p\000l\000y\000\137\000E\000x\000a\000m\000p\000l\000e\000\050\000E\000x\000a\000m\000p\000l\000e\000\040\000*\000,\000\040\000v\000o\000i\000d\000\050\000*\000\051\000\050\000T\000y\000p\000e\000\051\000\051}{subsection.5.4.3}% 142
\BOOKMARK [3][-]{subsubsection.5.4.3.2}{\376\377\0005\000.\0004\000.\0003\000.\0002\000\040\000a\000s\000\137\000a\000r\000r\000a\000y\000\137\000E\000x\000a\000m\000p\000l\000e\000\050\000E\000x\000a\000m\000p\000l\000e\000\040\000*\000,\000\040\000s\000i\000z\000e\000\137\000t\000\040\000*\000\051}{subsection.5.4.3}% 143
\BOOKMARK [3][-]{subsubsection.5.4.3.3}{\376\377\0005\000.\0004\000.\0003\000.\0003\000\040\000d\000e\000s\000t\000r\000o\000y\000\137\000E\000x\000a\000m\000p\000l\000e\000\050\000E\000x\000a\000m\000p\000l\000e\000\040\000*\000\051}{subsection.5.4.3}% 144
\BOOKMARK [3][-]{subsubsection.5.4.3.4}{\376\377\0005\000.\0004\000.\0003\000.\0004\000\040\000e\000m\000p\000t\000y\000\137\000E\000x\000a\000m\000p\000l\000e\000\050\000E\000x\000a\000m\000p\000l\000e\000\040\000*\000\051}{subsection.5.4.3}% 145
\BOOKMARK [3][-]{subsubsection.5.4.3.5}{\376\377\0005\000.\0004\000.\0003\000.\0005\000\040\000i\000s\000\137\000e\000m\000p\000t\000y\000\137\000E\000x\000a\000m\000p\000l\000e\000\050\000E\000x\000a\000m\000p\000l\000e\000\040\000*\000\051}{subsection.5.4.3}% 146
\BOOKMARK [3][-]{subsubsection.5.4.3.6}{\376\377\0005\000.\0004\000.\0003\000.\0006\000\040\000l\000e\000n\000g\000t\000h\000\137\000E\000x\000a\000m\000p\000l\000e\000\050\000E\000x\000a\000m\000p\000l\000e\000\040\000*\000\051}{subsection.5.4.3}% 147
\BOOKMARK [3][-]{subsubsection.5.4.3.7}{\376\377\0005\000.\0004\000.\0003\000.\0007\000\040\000n\000e\000w\000\137\000d\000e\000s\000t\000r\000u\000c\000t\000a\000b\000l\000e\000\137\000E\000x\000a\000m\000p\000l\000e\000\050\000s\000i\000z\000e\000\137\000t\000,\000\040\000v\000o\000i\000d\000\050\000*\000\051\000\050\000T\000y\000p\000e\000\051\000\051}{subsection.5.4.3}% 148
\BOOKMARK [3][-]{subsubsection.5.4.3.8}{\376\377\0005\000.\0004\000.\0003\000.\0008\000\040\000n\000e\000w\000\137\000E\000x\000a\000m\000p\000l\000e\000\050\000s\000i\000z\000e\000\137\000t\000\051}{subsection.5.4.3}% 149
\BOOKMARK [3][-]{subsubsection.5.4.3.9}{\376\377\0005\000.\0004\000.\0003\000.\0009\000\040\000p\000e\000e\000k\000\137\000b\000a\000c\000k\000\137\000E\000x\000a\000m\000p\000l\000e\000\050\000E\000x\000a\000m\000p\000l\000e\000\040\000*\000\051}{subsection.5.4.3}% 150
\BOOKMARK [3][-]{subsubsection.5.4.3.10}{\376\377\0005\000.\0004\000.\0003\000.\0001\0000\000\040\000p\000e\000e\000k\000\137\000f\000r\000o\000n\000t\000\137\000E\000x\000a\000m\000p\000l\000e\000\050\000E\000x\000a\000m\000p\000l\000e\000\040\000*\000\051}{subsection.5.4.3}% 151
\BOOKMARK [3][-]{subsubsection.5.4.3.11}{\376\377\0005\000.\0004\000.\0003\000.\0001\0001\000\040\000p\000o\000p\000\137\000b\000a\000c\000k\000\137\000E\000x\000a\000m\000p\000l\000e\000\050\000E\000x\000a\000m\000p\000l\000e\000\040\000*\000\051}{subsection.5.4.3}% 152
\BOOKMARK [3][-]{subsubsection.5.4.3.12}{\376\377\0005\000.\0004\000.\0003\000.\0001\0002\000\040\000p\000o\000p\000\137\000f\000r\000o\000n\000t\000\137\000E\000x\000a\000m\000p\000l\000e\000\050\000E\000x\000a\000m\000p\000l\000e\000\040\000*\000\051}{subsection.5.4.3}% 153
\BOOKMARK [3][-]{subsubsection.5.4.3.13}{\376\377\0005\000.\0004\000.\0003\000.\0001\0003\000\040\000p\000u\000s\000h\000\137\000b\000a\000c\000k\000\137\000E\000x\000a\000m\000p\000l\000e\000\050\000E\000x\000a\000m\000p\000l\000e\000\040\000*\000,\000\040\000T\000y\000p\000e\000\051}{subsection.5.4.3}% 154
\BOOKMARK [3][-]{subsubsection.5.4.3.14}{\376\377\0005\000.\0004\000.\0003\000.\0001\0004\000\040\000p\000u\000s\000h\000\137\000f\000r\000o\000n\000t\000\137\000E\000x\000a\000m\000p\000l\000e\000\050\000E\000x\000a\000m\000p\000l\000e\000\040\000*\000,\000\040\000T\000y\000p\000e\000\051}{subsection.5.4.3}% 155
\BOOKMARK [3][-]{subsubsection.5.4.3.15}{\376\377\0005\000.\0004\000.\0003\000.\0001\0005\000\040\000u\000p\000d\000a\000t\000e\000\137\000b\000a\000c\000k\000\137\000E\000x\000a\000m\000p\000l\000e\000\050\000E\000x\000a\000m\000p\000l\000e\000\040\000*\000,\000\040\000T\000y\000p\000e\000\051}{subsection.5.4.3}% 156
\BOOKMARK [3][-]{subsubsection.5.4.3.16}{\376\377\0005\000.\0004\000.\0003\000.\0001\0006\000\040\000u\000p\000d\000a\000t\000e\000\137\000f\000r\000o\000n\000t\000\137\000E\000x\000a\000m\000p\000l\000e\000\050\000E\000x\000a\000m\000p\000l\000e\000\040\000*\000,\000\040\000T\000y\000p\000e\000\051}{subsection.5.4.3}% 157
\BOOKMARK [1][-]{section.5.5}{\376\377\0005\000.\0005\000\040\000s\000r\000c\000/\000e\000x\000e\000c\000u\000t\000e\000.\000c\000\040\000F\000i\000l\000e\000\040\000R\000e\000f\000e\000r\000e\000n\000c\000e}{chapter.5}% 158
\BOOKMARK [2][-]{subsection.5.5.1}{\376\377\0005\000.\0005\000.\0001\000\040\000D\000e\000t\000a\000i\000l\000e\000d\000\040\000D\000e\000s\000c\000r\000i\000p\000t\000i\000o\000n}{section.5.5}% 159
\BOOKMARK [2][-]{subsection.5.5.2}{\376\377\0005\000.\0005\000.\0002\000\040\000F\000u\000n\000c\000t\000i\000o\000n\000\040\000D\000o\000c\000u\000m\000e\000n\000t\000a\000t\000i\000o\000n}{section.5.5}% 160
\BOOKMARK [3][-]{subsubsection.5.5.2.1}{\376\377\0005\000.\0005\000.\0002\000.\0001\000\040\000c\000r\000e\000a\000t\000e\000\137\000p\000r\000o\000c\000e\000s\000s\000\050\000C\000o\000m\000m\000a\000n\000d\000H\000o\000l\000d\000e\000r\000\040\000h\000o\000l\000d\000e\000r\000\051}{subsection.5.5.2}% 161
\BOOKMARK [3][-]{subsubsection.5.5.2.2}{\376\377\0005\000.\0005\000.\0002\000.\0002\000\040\000g\000e\000t\000\137\000c\000u\000r\000r\000e\000n\000t\000\137\000d\000i\000r\000e\000c\000t\000o\000r\000y\000\050\000b\000o\000o\000l\000\040\000*\000s\000h\000o\000u\000l\000d\000\137\000f\000r\000e\000e\000\051}{subsection.5.5.2}% 162
\BOOKMARK [3][-]{subsubsection.5.5.2.3}{\376\377\0005\000.\0005\000.\0002\000.\0003\000\040\000l\000o\000o\000k\000u\000p\000\137\000e\000n\000v\000\050\000c\000o\000n\000s\000t\000\040\000c\000h\000a\000r\000\040\000*\000e\000n\000v\000\137\000v\000a\000r\000\051}{subsection.5.5.2}% 163
\BOOKMARK [3][-]{subsubsection.5.5.2.4}{\376\377\0005\000.\0005\000.\0002\000.\0004\000\040\000p\000r\000i\000n\000t\000\137\000j\000o\000b\000\050\000i\000n\000t\000\040\000j\000o\000b\000\137\000i\000d\000,\000\040\000p\000i\000d\000\137\000t\000\040\000p\000i\000d\000,\000\040\000c\000o\000n\000s\000t\000\040\000c\000h\000a\000r\000\040\000*\000c\000m\000d\000\051}{subsection.5.5.2}% 164
\BOOKMARK [3][-]{subsubsection.5.5.2.5}{\376\377\0005\000.\0005\000.\0002\000.\0005\000\040\000p\000r\000i\000n\000t\000\137\000j\000o\000b\000\137\000c\000o\000m\000p\000l\000e\000t\000e\000\050\000i\000n\000t\000\040\000j\000o\000b\000\137\000i\000d\000,\000\040\000p\000i\000d\000\137\000t\000\040\000p\000i\000d\000,\000\040\000c\000o\000n\000s\000t\000\040\000c\000h\000a\000r\000\040\000*\000c\000m\000d\000\051}{subsection.5.5.2}% 165
\BOOKMARK [3][-]{subsubsection.5.5.2.6}{\376\377\0005\000.\0005\000.\0002\000.\0006\000\040\000r\000u\000n\000\137\000c\000d\000\050\000C\000D\000C\000o\000m\000m\000a\000n\000d\000\040\000c\000m\000d\000\051}{subsection.5.5.2}% 166
\BOOKMARK [3][-]{subsubsection.5.5.2.7}{\376\377\0005\000.\0005\000.\0002\000.\0007\000\040\000r\000u\000n\000\137\000c\000h\000i\000l\000d\000\137\000p\000r\000o\000c\000e\000s\000s\000\137\000c\000o\000m\000m\000a\000n\000d\000\050\000C\000o\000m\000m\000a\000n\000d\000\040\000c\000m\000d\000\051}{subsection.5.5.2}% 167
\BOOKMARK [3][-]{subsubsection.5.5.2.8}{\376\377\0005\000.\0005\000.\0002\000.\0008\000\040\000r\000u\000n\000\137\000e\000c\000h\000o\000\050\000E\000c\000h\000o\000C\000o\000m\000m\000a\000n\000d\000\040\000c\000m\000d\000\051}{subsection.5.5.2}% 168
\BOOKMARK [3][-]{subsubsection.5.5.2.9}{\376\377\0005\000.\0005\000.\0002\000.\0009\000\040\000r\000u\000n\000\137\000e\000x\000p\000o\000r\000t\000\050\000E\000x\000p\000o\000r\000t\000C\000o\000m\000m\000a\000n\000d\000\040\000c\000m\000d\000\051}{subsection.5.5.2}% 169
\BOOKMARK [3][-]{subsubsection.5.5.2.10}{\376\377\0005\000.\0005\000.\0002\000.\0001\0000\000\040\000r\000u\000n\000\137\000g\000e\000n\000e\000r\000i\000c\000\050\000G\000e\000n\000e\000r\000i\000c\000C\000o\000m\000m\000a\000n\000d\000\040\000c\000m\000d\000\051}{subsection.5.5.2}% 170
\BOOKMARK [3][-]{subsubsection.5.5.2.11}{\376\377\0005\000.\0005\000.\0002\000.\0001\0001\000\040\000r\000u\000n\000\137\000j\000o\000b\000s\000\050\000\051}{subsection.5.5.2}% 171
\BOOKMARK [3][-]{subsubsection.5.5.2.12}{\376\377\0005\000.\0005\000.\0002\000.\0001\0002\000\040\000r\000u\000n\000\137\000k\000i\000l\000l\000\050\000K\000i\000l\000l\000C\000o\000m\000m\000a\000n\000d\000\040\000c\000m\000d\000\051}{subsection.5.5.2}% 172
\BOOKMARK [3][-]{subsubsection.5.5.2.13}{\376\377\0005\000.\0005\000.\0002\000.\0001\0003\000\040\000r\000u\000n\000\137\000p\000w\000d\000\050\000\051}{subsection.5.5.2}% 173
\BOOKMARK [3][-]{subsubsection.5.5.2.14}{\376\377\0005\000.\0005\000.\0002\000.\0001\0004\000\040\000r\000u\000n\000\137\000q\000u\000a\000s\000h\000\137\000p\000r\000o\000c\000e\000s\000s\000\137\000c\000o\000m\000m\000a\000n\000d\000\050\000C\000o\000m\000m\000a\000n\000d\000\040\000c\000m\000d\000\051}{subsection.5.5.2}% 174
\BOOKMARK [3][-]{subsubsection.5.5.2.15}{\376\377\0005\000.\0005\000.\0002\000.\0001\0005\000\040\000r\000u\000n\000\137\000s\000c\000r\000i\000p\000t\000\050\000C\000o\000m\000m\000a\000n\000d\000H\000o\000l\000d\000e\000r\000\040\000*\000h\000o\000l\000d\000e\000r\000s\000\051}{subsection.5.5.2}% 175
\BOOKMARK [3][-]{subsubsection.5.5.2.16}{\376\377\0005\000.\0005\000.\0002\000.\0001\0006\000\040\000w\000r\000i\000t\000e\000\137\000e\000n\000v\000\050\000c\000o\000n\000s\000t\000\040\000c\000h\000a\000r\000\040\000*\000e\000n\000v\000\137\000v\000a\000r\000,\000\040\000c\000o\000n\000s\000t\000\040\000c\000h\000a\000r\000\040\000*\000v\000a\000l\000\051}{subsection.5.5.2}% 176
\BOOKMARK [1][-]{section.5.6}{\376\377\0005\000.\0006\000\040\000s\000r\000c\000/\000e\000x\000e\000c\000u\000t\000e\000.\000h\000\040\000F\000i\000l\000e\000\040\000R\000e\000f\000e\000r\000e\000n\000c\000e}{chapter.5}% 177
\BOOKMARK [2][-]{subsection.5.6.1}{\376\377\0005\000.\0006\000.\0001\000\040\000D\000e\000t\000a\000i\000l\000e\000d\000\040\000D\000e\000s\000c\000r\000i\000p\000t\000i\000o\000n}{section.5.6}% 178
\BOOKMARK [2][-]{subsection.5.6.2}{\376\377\0005\000.\0006\000.\0002\000\040\000F\000u\000n\000c\000t\000i\000o\000n\000\040\000D\000o\000c\000u\000m\000e\000n\000t\000a\000t\000i\000o\000n}{section.5.6}% 179
\BOOKMARK [3][-]{subsubsection.5.6.2.1}{\376\377\0005\000.\0006\000.\0002\000.\0001\000\040\000g\000e\000t\000\137\000c\000u\000r\000r\000e\000n\000t\000\137\000d\000i\000r\000e\000c\000t\000o\000r\000y\000\050\000b\000o\000o\000l\000\040\000*\000s\000h\000o\000u\000l\000d\000\137\000f\000r\000e\000e\000\051}{subsection.5.6.2}% 180
\BOOKMARK [3][-]{subsubsection.5.6.2.2}{\376\377\0005\000.\0006\000.\0002\000.\0002\000\040\000l\000o\000o\000k\000u\000p\000\137\000e\000n\000v\000\050\000c\000o\000n\000s\000t\000\040\000c\000h\000a\000r\000\040\000*\000e\000n\000v\000\137\000v\000a\000r\000\051}{subsection.5.6.2}% 181
\BOOKMARK [3][-]{subsubsection.5.6.2.3}{\376\377\0005\000.\0006\000.\0002\000.\0003\000\040\000p\000r\000i\000n\000t\000\137\000j\000o\000b\000\050\000i\000n\000t\000\040\000j\000o\000b\000\137\000i\000d\000,\000\040\000p\000i\000d\000\137\000t\000\040\000p\000i\000d\000,\000\040\000c\000o\000n\000s\000t\000\040\000c\000h\000a\000r\000\040\000*\000c\000m\000d\000\051}{subsection.5.6.2}% 182
\BOOKMARK [3][-]{subsubsection.5.6.2.4}{\376\377\0005\000.\0006\000.\0002\000.\0004\000\040\000p\000r\000i\000n\000t\000\137\000j\000o\000b\000\137\000c\000o\000m\000p\000l\000e\000t\000e\000\050\000i\000n\000t\000\040\000j\000o\000b\000\137\000i\000d\000,\000\040\000p\000i\000d\000\137\000t\000\040\000p\000i\000d\000,\000\040\000c\000o\000n\000s\000t\000\040\000c\000h\000a\000r\000\040\000*\000c\000m\000d\000\051}{subsection.5.6.2}% 183
\BOOKMARK [3][-]{subsubsection.5.6.2.5}{\376\377\0005\000.\0006\000.\0002\000.\0005\000\040\000r\000u\000n\000\137\000c\000d\000\050\000C\000D\000C\000o\000m\000m\000a\000n\000d\000\040\000c\000m\000d\000\051}{subsection.5.6.2}% 184
\BOOKMARK [3][-]{subsubsection.5.6.2.6}{\376\377\0005\000.\0006\000.\0002\000.\0006\000\040\000r\000u\000n\000\137\000e\000c\000h\000o\000\050\000E\000c\000h\000o\000C\000o\000m\000m\000a\000n\000d\000\040\000c\000m\000d\000\051}{subsection.5.6.2}% 185
\BOOKMARK [3][-]{subsubsection.5.6.2.7}{\376\377\0005\000.\0006\000.\0002\000.\0007\000\040\000r\000u\000n\000\137\000e\000x\000p\000o\000r\000t\000\050\000E\000x\000p\000o\000r\000t\000C\000o\000m\000m\000a\000n\000d\000\040\000c\000m\000d\000\051}{subsection.5.6.2}% 186
\BOOKMARK [3][-]{subsubsection.5.6.2.8}{\376\377\0005\000.\0006\000.\0002\000.\0008\000\040\000r\000u\000n\000\137\000g\000e\000n\000e\000r\000i\000c\000\050\000G\000e\000n\000e\000r\000i\000c\000C\000o\000m\000m\000a\000n\000d\000\040\000c\000m\000d\000\051}{subsection.5.6.2}% 187
\BOOKMARK [3][-]{subsubsection.5.6.2.9}{\376\377\0005\000.\0006\000.\0002\000.\0009\000\040\000r\000u\000n\000\137\000j\000o\000b\000s\000\050\000\051}{subsection.5.6.2}% 188
\BOOKMARK [3][-]{subsubsection.5.6.2.10}{\376\377\0005\000.\0006\000.\0002\000.\0001\0000\000\040\000r\000u\000n\000\137\000k\000i\000l\000l\000\050\000K\000i\000l\000l\000C\000o\000m\000m\000a\000n\000d\000\040\000c\000m\000d\000\051}{subsection.5.6.2}% 189
\BOOKMARK [3][-]{subsubsection.5.6.2.11}{\376\377\0005\000.\0006\000.\0002\000.\0001\0001\000\040\000r\000u\000n\000\137\000p\000w\000d\000\050\000\051}{subsection.5.6.2}% 190
\BOOKMARK [3][-]{subsubsection.5.6.2.12}{\376\377\0005\000.\0006\000.\0002\000.\0001\0002\000\040\000r\000u\000n\000\137\000s\000c\000r\000i\000p\000t\000\050\000C\000o\000m\000m\000a\000n\000d\000H\000o\000l\000d\000e\000r\000\040\000*\000h\000o\000l\000d\000e\000r\000s\000\051}{subsection.5.6.2}% 191
\BOOKMARK [3][-]{subsubsection.5.6.2.13}{\376\377\0005\000.\0006\000.\0002\000.\0001\0003\000\040\000w\000r\000i\000t\000e\000\137\000e\000n\000v\000\050\000c\000o\000n\000s\000t\000\040\000c\000h\000a\000r\000\040\000*\000e\000n\000v\000\137\000v\000a\000r\000,\000\040\000c\000o\000n\000s\000t\000\040\000c\000h\000a\000r\000\040\000*\000v\000a\000l\000\051}{subsection.5.6.2}% 192
\BOOKMARK [1][-]{section.5.7}{\376\377\0005\000.\0007\000\040\000s\000r\000c\000/\000p\000a\000r\000s\000i\000n\000g\000/\000m\000e\000m\000o\000r\000y\000\137\000p\000o\000o\000l\000.\000h\000\040\000F\000i\000l\000e\000\040\000R\000e\000f\000e\000r\000e\000n\000c\000e}{chapter.5}% 193
\BOOKMARK [2][-]{subsection.5.7.1}{\376\377\0005\000.\0007\000.\0001\000\040\000D\000e\000t\000a\000i\000l\000e\000d\000\040\000D\000e\000s\000c\000r\000i\000p\000t\000i\000o\000n}{section.5.7}% 194
\BOOKMARK [2][-]{subsection.5.7.2}{\376\377\0005\000.\0007\000.\0002\000\040\000M\000a\000c\000r\000o\000\040\000D\000e\000f\000i\000n\000i\000t\000i\000o\000n\000\040\000D\000o\000c\000u\000m\000e\000n\000t\000a\000t\000i\000o\000n}{section.5.7}% 195
\BOOKMARK [3][-]{subsubsection.5.7.2.1}{\376\377\0005\000.\0007\000.\0002\000.\0001\000\040\000I\000M\000P\000L\000E\000M\000E\000N\000T\000\137\000D\000E\000Q\000U\000E\000\137\000M\000E\000M\000O\000R\000Y\000\137\000P\000O\000O\000L}{subsection.5.7.2}% 196
\BOOKMARK [2][-]{subsection.5.7.3}{\376\377\0005\000.\0007\000.\0003\000\040\000F\000u\000n\000c\000t\000i\000o\000n\000\040\000D\000o\000c\000u\000m\000e\000n\000t\000a\000t\000i\000o\000n}{section.5.7}% 197
\BOOKMARK [3][-]{subsubsection.5.7.3.1}{\376\377\0005\000.\0007\000.\0003\000.\0001\000\040\000i\000n\000i\000t\000i\000a\000l\000i\000z\000e\000\137\000m\000e\000m\000o\000r\000y\000\137\000p\000o\000o\000l\000\050\000s\000i\000z\000e\000\137\000t\000\040\000s\000i\000z\000e\000\051}{subsection.5.7.3}% 198
\BOOKMARK [3][-]{subsubsection.5.7.3.2}{\376\377\0005\000.\0007\000.\0003\000.\0002\000\040\000m\000e\000m\000o\000r\000y\000\137\000p\000o\000o\000l\000\137\000a\000l\000l\000o\000c\000\050\000s\000i\000z\000e\000\137\000t\000\040\000s\000i\000z\000e\000\051}{subsection.5.7.3}% 199
\BOOKMARK [3][-]{subsubsection.5.7.3.3}{\376\377\0005\000.\0007\000.\0003\000.\0003\000\040\000m\000e\000m\000o\000r\000y\000\137\000p\000o\000o\000l\000\137\000s\000t\000r\000d\000u\000p\000\050\000c\000o\000n\000s\000t\000\040\000c\000h\000a\000r\000\040\000*\000s\000t\000r\000\051}{subsection.5.7.3}% 200
\BOOKMARK [1][-]{section.5.8}{\376\377\0005\000.\0008\000\040\000s\000r\000c\000/\000p\000a\000r\000s\000i\000n\000g\000/\000p\000a\000r\000s\000i\000n\000g\000\137\000i\000n\000t\000e\000r\000f\000a\000c\000e\000.\000h\000\040\000F\000i\000l\000e\000\040\000R\000e\000f\000e\000r\000e\000n\000c\000e}{chapter.5}% 201
\BOOKMARK [2][-]{subsection.5.8.1}{\376\377\0005\000.\0008\000.\0001\000\040\000D\000e\000t\000a\000i\000l\000e\000d\000\040\000D\000e\000s\000c\000r\000i\000p\000t\000i\000o\000n}{section.5.8}% 202
\BOOKMARK [2][-]{subsection.5.8.2}{\376\377\0005\000.\0008\000.\0002\000\040\000F\000u\000n\000c\000t\000i\000o\000n\000\040\000D\000o\000c\000u\000m\000e\000n\000t\000a\000t\000i\000o\000n}{section.5.8}% 203
\BOOKMARK [3][-]{subsubsection.5.8.2.1}{\376\377\0005\000.\0008\000.\0002\000.\0001\000\040\000i\000n\000t\000e\000r\000p\000r\000e\000t\000\137\000c\000o\000m\000p\000l\000e\000x\000\137\000s\000t\000r\000i\000n\000g\000\137\000t\000o\000k\000e\000n\000\050\000c\000o\000n\000s\000t\000\040\000c\000h\000a\000r\000\040\000*\000s\000t\000r\000\051}{subsection.5.8.2}% 204
\BOOKMARK [3][-]{subsubsection.5.8.2.2}{\376\377\0005\000.\0008\000.\0002\000.\0002\000\040\000m\000k\000\137\000r\000e\000d\000i\000r\000e\000c\000t\000\050\000c\000h\000a\000r\000\040\000*\000i\000n\000,\000\040\000c\000h\000a\000r\000\040\000*\000o\000u\000t\000,\000\040\000b\000o\000o\000l\000\040\000a\000p\000p\000e\000n\000d\000\051}{subsection.5.8.2}% 205
\BOOKMARK [3][-]{subsubsection.5.8.2.3}{\376\377\0005\000.\0008\000.\0002\000.\0003\000\040\000p\000a\000r\000s\000e\000\050\000Q\000u\000a\000s\000h\000S\000t\000a\000t\000e\000\040\000*\000s\000t\000a\000t\000e\000\051}{subsection.5.8.2}% 206
\BOOKMARK [1][-]{section.5.9}{\376\377\0005\000.\0009\000\040\000s\000r\000c\000/\000q\000u\000a\000s\000h\000.\000c\000\040\000F\000i\000l\000e\000\040\000R\000e\000f\000e\000r\000e\000n\000c\000e}{chapter.5}% 207
\BOOKMARK [2][-]{subsection.5.9.1}{\376\377\0005\000.\0009\000.\0001\000\040\000D\000e\000t\000a\000i\000l\000e\000d\000\040\000D\000e\000s\000c\000r\000i\000p\000t\000i\000o\000n}{section.5.9}% 208
\BOOKMARK [2][-]{subsection.5.9.2}{\376\377\0005\000.\0009\000.\0002\000\040\000F\000u\000n\000c\000t\000i\000o\000n\000\040\000D\000o\000c\000u\000m\000e\000n\000t\000a\000t\000i\000o\000n}{section.5.9}% 209
\BOOKMARK [3][-]{subsubsection.5.9.2.1}{\376\377\0005\000.\0009\000.\0002\000.\0001\000\040\000g\000e\000t\000\137\000c\000o\000m\000m\000a\000n\000d\000\137\000s\000t\000r\000i\000n\000g\000\050\000\051}{subsection.5.9.2}% 210
\BOOKMARK [3][-]{subsubsection.5.9.2.2}{\376\377\0005\000.\0009\000.\0002\000.\0002\000\040\000i\000s\000\137\000r\000u\000n\000n\000i\000n\000g\000\050\000\051}{subsection.5.9.2}% 211
\BOOKMARK [3][-]{subsubsection.5.9.2.3}{\376\377\0005\000.\0009\000.\0002\000.\0003\000\040\000i\000s\000\137\000t\000t\000y\000\050\000\051}{subsection.5.9.2}% 212
\BOOKMARK [3][-]{subsubsection.5.9.2.4}{\376\377\0005\000.\0009\000.\0002\000.\0004\000\040\000m\000a\000i\000n\000\050\000i\000n\000t\000\040\000a\000r\000g\000c\000,\000\040\000c\000h\000a\000r\000\040\000*\000*\000a\000r\000g\000v\000\051}{subsection.5.9.2}% 213
\BOOKMARK [1][-]{section.5.10}{\376\377\0005\000.\0001\0000\000\040\000s\000r\000c\000/\000q\000u\000a\000s\000h\000.\000h\000\040\000F\000i\000l\000e\000\040\000R\000e\000f\000e\000r\000e\000n\000c\000e}{chapter.5}% 214
\BOOKMARK [2][-]{subsection.5.10.1}{\376\377\0005\000.\0001\0000\000.\0001\000\040\000D\000e\000t\000a\000i\000l\000e\000d\000\040\000D\000e\000s\000c\000r\000i\000p\000t\000i\000o\000n}{section.5.10}% 215
\BOOKMARK [2][-]{subsection.5.10.2}{\376\377\0005\000.\0001\0000\000.\0002\000\040\000F\000u\000n\000c\000t\000i\000o\000n\000\040\000D\000o\000c\000u\000m\000e\000n\000t\000a\000t\000i\000o\000n}{section.5.10}% 216
\BOOKMARK [3][-]{subsubsection.5.10.2.1}{\376\377\0005\000.\0001\0000\000.\0002\000.\0001\000\040\000g\000e\000t\000\137\000c\000o\000m\000m\000a\000n\000d\000\137\000s\000t\000r\000i\000n\000g\000\050\000\051}{subsection.5.10.2}% 217
\BOOKMARK [3][-]{subsubsection.5.10.2.2}{\376\377\0005\000.\0001\0000\000.\0002\000.\0002\000\040\000i\000s\000\137\000r\000u\000n\000n\000i\000n\000g\000\050\000\051}{subsection.5.10.2}% 218
\BOOKMARK [3][-]{subsubsection.5.10.2.3}{\376\377\0005\000.\0001\0000\000.\0002\000.\0003\000\040\000i\000s\000\137\000t\000t\000y\000\050\000\051}{subsection.5.10.2}% 219
