
**** Build of configuration Debug for project EECS_388_P3 ****

"C:\\TI_CodeComposer\\ccsv6\\utils\\bin\\gmake" -k -j 8 all 
'Building file: ../main.c'
'Building file: ../src/buttons.c'
'Building file: ../src/led.c'
'Building file: ../src/oled.c'
'Building file: ../src/speaker.c'
'Building file: ../src/system.c'
'Building file: H:/EECS_388/TI_CCS_Archive/FreeRTOS/croutine.c'
'Building file: H:/EECS_388/TI_CCS_Archive/FreeRTOS/event_groups.c'
'Invoking: ARM Compiler'
'Invoking: ARM Compiler'
'Invoking: ARM Compiler'
'Invoking: ARM Compiler'
'Invoking: ARM Compiler'
'Invoking: ARM Compiler'
'Invoking: ARM Compiler'
"C:/TI_CodeComposer/ccsv6/tools/compiler/ti-cgt-arm_5.2.2/bin/armcl" -mv7M3 --code_state=16 --float_support=vfplib --abi=eabi -me --include_path="C:/TI_CodeComposer/ccsv6/tools/compiler/ti-cgt-arm_5.2.2/include" --include_path="C:/TI_CodeComposer/StellarisWare-LM3S1968" --include_path="H:/EECS_388/TI_CCS_Archive/OLED_Driver" --include_path="H:/EECS_388/TI_CCS_Archive/FreeRTOS/include" --include_path="H:/EECS_388/TI_CCS_Projects/EECS_388_P3/targetConfigs" -g --gcc --define=CCS6_ARMCM3 --define="ccs" --define=PART_LM3S1968 --display_error_number --emit_warnings_as_errors --diag_suppress=179 --diag_wrap=off --printf_support=full --preproc_with_compile --preproc_dependency="main.pp"  "../main.c"
"C:/TI_CodeComposer/ccsv6/tools/compiler/ti-cgt-arm_5.2.2/bin/armcl" -mv7M3 --code_state=16 --float_support=vfplib --abi=eabi -me --include_path="C:/TI_CodeComposer/ccsv6/tools/compiler/ti-cgt-arm_5.2.2/include" --include_path="C:/TI_CodeComposer/StellarisWare-LM3S1968" --include_path="H:/EECS_388/TI_CCS_Archive/OLED_Driver" --include_path="H:/EECS_388/TI_CCS_Archive/FreeRTOS/include" --include_path="H:/EECS_388/TI_CCS_Projects/EECS_388_P3/targetConfigs" -g --gcc --define=CCS6_ARMCM3 --define="ccs" --define=PART_LM3S1968 --display_error_number --emit_warnings_as_errors --diag_suppress=179 --diag_wrap=off --printf_support=full --preproc_with_compile --preproc_dependency="src/buttons.pp" --obj_directory="src"  "../src/buttons.c"
'Invoking: ARM Compiler'
"C:/TI_CodeComposer/ccsv6/tools/compiler/ti-cgt-arm_5.2.2/bin/armcl" -mv7M3 --code_state=16 --float_support=vfplib --abi=eabi -me --include_path="C:/TI_CodeComposer/ccsv6/tools/compiler/ti-cgt-arm_5.2.2/include" --include_path="C:/TI_CodeComposer/StellarisWare-LM3S1968" --include_path="H:/EECS_388/TI_CCS_Archive/OLED_Driver" --include_path="H:/EECS_388/TI_CCS_Archive/FreeRTOS/include" --include_path="H:/EECS_388/TI_CCS_Projects/EECS_388_P3/targetConfigs" -g --gcc --define=CCS6_ARMCM3 --define="ccs" --define=PART_LM3S1968 --display_error_number --emit_warnings_as_errors --diag_suppress=179 --diag_wrap=off --printf_support=full --preproc_with_compile --preproc_dependency="src/led.pp" --obj_directory="src"  "../src/led.c"
"C:/TI_CodeComposer/ccsv6/tools/compiler/ti-cgt-arm_5.2.2/bin/armcl" -mv7M3 --code_state=16 --float_support=vfplib --abi=eabi -me --include_path="C:/TI_CodeComposer/ccsv6/tools/compiler/ti-cgt-arm_5.2.2/include" --include_path="C:/TI_CodeComposer/StellarisWare-LM3S1968" --include_path="H:/EECS_388/TI_CCS_Archive/OLED_Driver" --include_path="H:/EECS_388/TI_CCS_Archive/FreeRTOS/include" --include_path="H:/EECS_388/TI_CCS_Projects/EECS_388_P3/targetConfigs" -g --gcc --define=CCS6_ARMCM3 --define="ccs" --define=PART_LM3S1968 --display_error_number --emit_warnings_as_errors --diag_suppress=179 --diag_wrap=off --printf_support=full --preproc_with_compile --preproc_dependency="src/oled.pp" --obj_directory="src"  "../src/oled.c"
"C:/TI_CodeComposer/ccsv6/tools/compiler/ti-cgt-arm_5.2.2/bin/armcl" -mv7M3 --code_state=16 --float_support=vfplib --abi=eabi -me --include_path="C:/TI_CodeComposer/ccsv6/tools/compiler/ti-cgt-arm_5.2.2/include" --include_path="C:/TI_CodeComposer/StellarisWare-LM3S1968" --include_path="H:/EECS_388/TI_CCS_Archive/OLED_Driver" --include_path="H:/EECS_388/TI_CCS_Archive/FreeRTOS/include" --include_path="H:/EECS_388/TI_CCS_Projects/EECS_388_P3/targetConfigs" -g --gcc --define=CCS6_ARMCM3 --define="ccs" --define=PART_LM3S1968 --display_error_number --emit_warnings_as_errors --diag_suppress=179 --diag_wrap=off --printf_support=full --preproc_with_compile --preproc_dependency="src/speaker.pp" --obj_directory="src"  "../src/speaker.c"
"C:/TI_CodeComposer/ccsv6/tools/compiler/ti-cgt-arm_5.2.2/bin/armcl" -mv7M3 --code_state=16 --float_support=vfplib --abi=eabi -me --include_path="C:/TI_CodeComposer/ccsv6/tools/compiler/ti-cgt-arm_5.2.2/include" --include_path="C:/TI_CodeComposer/StellarisWare-LM3S1968" --include_path="H:/EECS_388/TI_CCS_Archive/OLED_Driver" --include_path="H:/EECS_388/TI_CCS_Archive/FreeRTOS/include" --include_path="H:/EECS_388/TI_CCS_Projects/EECS_388_P3/targetConfigs" -g --gcc --define=CCS6_ARMCM3 --define="ccs" --define=PART_LM3S1968 --display_error_number --emit_warnings_as_errors --diag_suppress=179 --diag_wrap=off --printf_support=full --preproc_with_compile --preproc_dependency="src/system.pp" --obj_directory="src"  "../src/system.c"
"C:/TI_CodeComposer/ccsv6/tools/compiler/ti-cgt-arm_5.2.2/bin/armcl" -mv7M3 --code_state=16 --float_support=vfplib --abi=eabi -me --include_path="C:/TI_CodeComposer/ccsv6/tools/compiler/ti-cgt-arm_5.2.2/include" --include_path="C:/TI_CodeComposer/StellarisWare-LM3S1968" --include_path="H:/EECS_388/TI_CCS_Archive/OLED_Driver" --include_path="H:/EECS_388/TI_CCS_Archive/FreeRTOS/include" --include_path="H:/EECS_388/TI_CCS_Projects/EECS_388_P3/targetConfigs" -g --gcc --define=CCS6_ARMCM3 --define="ccs" --define=PART_LM3S1968 --display_error_number --emit_warnings_as_errors --diag_suppress=179 --diag_wrap=off --printf_support=full --preproc_with_compile --preproc_dependency="src/FreeRTOS/croutine.pp" --obj_directory="src/FreeRTOS"  "H:/EECS_388/TI_CCS_Archive/FreeRTOS/croutine.c"
"C:/TI_CodeComposer/ccsv6/tools/compiler/ti-cgt-arm_5.2.2/bin/armcl" -mv7M3 --code_state=16 --float_support=vfplib --abi=eabi -me --include_path="C:/TI_CodeComposer/ccsv6/tools/compiler/ti-cgt-arm_5.2.2/include" --include_path="C:/TI_CodeComposer/StellarisWare-LM3S1968" --include_path="H:/EECS_388/TI_CCS_Archive/OLED_Driver" --include_path="H:/EECS_388/TI_CCS_Archive/FreeRTOS/include" --include_path="H:/EECS_388/TI_CCS_Projects/EECS_388_P3/targetConfigs" -g --gcc --define=CCS6_ARMCM3 --define="ccs" --define=PART_LM3S1968 --display_error_number --emit_warnings_as_errors --diag_suppress=179 --diag_wrap=off --printf_support=full --preproc_with_compile --preproc_dependency="src/FreeRTOS/event_groups.pp" --obj_directory="src/FreeRTOS"  "H:/EECS_388/TI_CCS_Archive/FreeRTOS/event_groups.c"
"../src/oled.c", line 129: error #20: identifier "TICK_R" is undefined
1 error detected in the compilation of "../src/oled.c".

>> Compilation failure
gmake: *** [src/oled.obj] Error 1
'Building file: H:/EECS_388/TI_CCS_Archive/FreeRTOS/list.c'
'Finished building: ../main.c'
'Invoking: ARM Compiler'
' '
"C:/TI_CodeComposer/ccsv6/tools/compiler/ti-cgt-arm_5.2.2/bin/armcl" -mv7M3 --code_state=16 --float_support=vfplib --abi=eabi -me --include_path="C:/TI_CodeComposer/ccsv6/tools/compiler/ti-cgt-arm_5.2.2/include" --include_path="C:/TI_CodeComposer/StellarisWare-LM3S1968" --include_path="H:/EECS_388/TI_CCS_Archive/OLED_Driver" --include_path="H:/EECS_388/TI_CCS_Archive/FreeRTOS/include" --include_path="H:/EECS_388/TI_CCS_Projects/EECS_388_P3/targetConfigs" -g --gcc --define=CCS6_ARMCM3 --define="ccs" --define=PART_LM3S1968 --display_error_number --emit_warnings_as_errors --diag_suppress=179 --diag_wrap=off --printf_support=full --preproc_with_compile --preproc_dependency="src/FreeRTOS/list.pp" --obj_directory="src/FreeRTOS"  "H:/EECS_388/TI_CCS_Archive/FreeRTOS/list.c"
'Finished building: ../src/buttons.c'
'Building file: H:/EECS_388/TI_CCS_Archive/FreeRTOS/queue.c'
'Finished building: ../src/led.c'
'Finished building: ../src/speaker.c'
'Finished building: ../src/system.c'
'Finished building: H:/EECS_388/TI_CCS_Archive/FreeRTOS/croutine.c'
' '
'Invoking: ARM Compiler'
' '
' '
' '
'Finished building: H:/EECS_388/TI_CCS_Archive/FreeRTOS/event_groups.c'
' '
'Building file: H:/EECS_388/TI_CCS_Archive/FreeRTOS/tasks.c'
"C:/TI_CodeComposer/ccsv6/tools/compiler/ti-cgt-arm_5.2.2/bin/armcl" -mv7M3 --code_state=16 --float_support=vfplib --abi=eabi -me --include_path="C:/TI_CodeComposer/ccsv6/tools/compiler/ti-cgt-arm_5.2.2/include" --include_path="C:/TI_CodeComposer/StellarisWare-LM3S1968" --include_path="H:/EECS_388/TI_CCS_Archive/OLED_Driver" --include_path="H:/EECS_388/TI_CCS_Archive/FreeRTOS/include" --include_path="H:/EECS_388/TI_CCS_Projects/EECS_388_P3/targetConfigs" -g --gcc --define=CCS6_ARMCM3 --define="ccs" --define=PART_LM3S1968 --display_error_number --emit_warnings_as_errors --diag_suppress=179 --diag_wrap=off --printf_support=full --preproc_with_compile --preproc_dependency="src/FreeRTOS/queue.pp" --obj_directory="src/FreeRTOS"  "H:/EECS_388/TI_CCS_Archive/FreeRTOS/queue.c"
'Building file: H:/EECS_388/TI_CCS_Archive/FreeRTOS/timers.c'
'Finished building: H:/EECS_388/TI_CCS_Archive/FreeRTOS/list.c'
'Building file: H:/EECS_388/TI_CCS_Archive/FreeRTOS/portable/CCS6/ARM_CM3/port.c'
'Building file: H:/EECS_388/TI_CCS_Archive/FreeRTOS/include/heap_2.c'
' '
'Invoking: ARM Compiler'
'Invoking: ARM Compiler'
' '
'Invoking: ARM Compiler'
"C:/TI_CodeComposer/ccsv6/tools/compiler/ti-cgt-arm_5.2.2/bin/armcl" -mv7M3 --code_state=16 --float_support=vfplib --abi=eabi -me --include_path="C:/TI_CodeComposer/ccsv6/tools/compiler/ti-cgt-arm_5.2.2/include" --include_path="C:/TI_CodeComposer/StellarisWare-LM3S1968" --include_path="H:/EECS_388/TI_CCS_Archive/OLED_Driver" --include_path="H:/EECS_388/TI_CCS_Archive/FreeRTOS/include" --include_path="H:/EECS_388/TI_CCS_Projects/EECS_388_P3/targetConfigs" -g --gcc --define=CCS6_ARMCM3 --define="ccs" --define=PART_LM3S1968 --display_error_number --emit_warnings_as_errors --diag_suppress=179 --diag_wrap=off --printf_support=full --preproc_with_compile --preproc_dependency="src/FreeRTOS/tasks.pp" --obj_directory="src/FreeRTOS"  "H:/EECS_388/TI_CCS_Archive/FreeRTOS/tasks.c"
'Invoking: ARM Compiler'
"C:/TI_CodeComposer/ccsv6/tools/compiler/ti-cgt-arm_5.2.2/bin/armcl" -mv7M3 --code_state=16 --float_support=vfplib --abi=eabi -me --include_path="C:/TI_CodeComposer/ccsv6/tools/compiler/ti-cgt-arm_5.2.2/include" --include_path="C:/TI_CodeComposer/StellarisWare-LM3S1968" --include_path="H:/EECS_388/TI_CCS_Archive/OLED_Driver" --include_path="H:/EECS_388/TI_CCS_Archive/FreeRTOS/include" --include_path="H:/EECS_388/TI_CCS_Projects/EECS_388_P3/targetConfigs" -g --gcc --define=CCS6_ARMCM3 --define="ccs" --define=PART_LM3S1968 --display_error_number --emit_warnings_as_errors --diag_suppress=179 --diag_wrap=off --printf_support=full --preproc_with_compile --preproc_dependency="src/FreeRTOS/timers.pp" --obj_directory="src/FreeRTOS"  "H:/EECS_388/TI_CCS_Archive/FreeRTOS/timers.c"
"C:/TI_CodeComposer/ccsv6/tools/compiler/ti-cgt-arm_5.2.2/bin/armcl" -mv7M3 --code_state=16 --float_support=vfplib --abi=eabi -me --include_path="C:/TI_CodeComposer/ccsv6/tools/compiler/ti-cgt-arm_5.2.2/include" --include_path="C:/TI_CodeComposer/StellarisWare-LM3S1968" --include_path="H:/EECS_388/TI_CCS_Archive/OLED_Driver" --include_path="H:/EECS_388/TI_CCS_Archive/FreeRTOS/include" --include_path="H:/EECS_388/TI_CCS_Projects/EECS_388_P3/targetConfigs" -g --gcc --define=CCS6_ARMCM3 --define="ccs" --define=PART_LM3S1968 --display_error_number --emit_warnings_as_errors --diag_suppress=179 --diag_wrap=off --printf_support=full --preproc_with_compile --preproc_dependency="src/FreeRTOS/portable/CCS6/ARM_CM3/port.pp" --obj_directory="src/FreeRTOS/portable/CCS6/ARM_CM3"  "H:/EECS_388/TI_CCS_Archive/FreeRTOS/portable/CCS6/ARM_CM3/port.c"
'Finished building: H:/EECS_388/TI_CCS_Archive/FreeRTOS/queue.c'
"C:/TI_CodeComposer/ccsv6/tools/compiler/ti-cgt-arm_5.2.2/bin/armcl" -mv7M3 --code_state=16 --float_support=vfplib --abi=eabi -me --include_path="C:/TI_CodeComposer/ccsv6/tools/compiler/ti-cgt-arm_5.2.2/include" --include_path="C:/TI_CodeComposer/StellarisWare-LM3S1968" --include_path="H:/EECS_388/TI_CCS_Archive/OLED_Driver" --include_path="H:/EECS_388/TI_CCS_Archive/FreeRTOS/include" --include_path="H:/EECS_388/TI_CCS_Projects/EECS_388_P3/targetConfigs" -g --gcc --define=CCS6_ARMCM3 --define="ccs" --define=PART_LM3S1968 --display_error_number --emit_warnings_as_errors --diag_suppress=179 --diag_wrap=off --printf_support=full --preproc_with_compile --preproc_dependency="src/FreeRTOS/include/heap_2.pp" --obj_directory="src/FreeRTOS/include"  "H:/EECS_388/TI_CCS_Archive/FreeRTOS/include/heap_2.c"
' '
'Finished building: H:/EECS_388/TI_CCS_Archive/FreeRTOS/timers.c'
'Finished building: H:/EECS_388/TI_CCS_Archive/FreeRTOS/portable/CCS6/ARM_CM3/port.c'
' '
' '
'Finished building: H:/EECS_388/TI_CCS_Archive/FreeRTOS/include/heap_2.c'
' '
'Finished building: H:/EECS_388/TI_CCS_Archive/FreeRTOS/tasks.c'
' '
gmake: Target `all' not remade because of errors.

**** Build Finished ****
